[2026-02-27 13:23:51.403] [INFO] WebSocket server started on port 9003
[2026-02-27 13:23:51.429] [INFO] Session created: FIX.4.4:CLIENT2->SERVER1
[2026-02-27 13:23:51.442] [INFO] Client is running. Press CTRL+C to quit.
[2026-02-27 13:23:51.446] [INFO] Logout: FIX.4.4:CLIENT2->SERVER1
[2026-02-27 13:30:53.829] [INFO] WebSocket server started on port 9003
[2026-02-27 13:30:53.862] [INFO] Session created: FIX.4.4:CLIENT2->SERVER1
[2026-02-27 13:30:53.874] [INFO] Client is running. Press CTRL+C to quit.
[2026-02-27 13:30:53.887] [INFO] Logon: FIX.4.4:CLIENT2->SERVER1
[2026-02-27 13:30:53.887] [INFO] Subscribing to market data for: EURUSD
[2026-02-27 13:30:53.888] [INFO] Subscribing to market data for: GBPUSD
[2026-02-27 13:30:53.888] [INFO] Subscribing to market data for: USDJPY
[2026-02-27 13:30:53.992] [INFO] Trade: EURUSD Price=1.085361 Volume=83451
[2026-02-27 13:30:53.995] [INFO] Trade: USDJPY Price=150.032631 Volume=25045
[2026-02-27 13:30:53.997] [INFO] Trade: GBPUSD Price=1.270319 Volume=54351
[2026-02-27 13:30:54.104] [INFO] Trade: EURUSD Price=1.085300 Volume=27830
[2026-02-27 13:30:54.106] [INFO] Trade: USDJPY Price=150.032425 Volume=28377
[2026-02-27 13:30:54.109] [INFO] Trade: GBPUSD Price=1.270342 Volume=95647
[2026-02-27 13:30:54.215] [INFO] Trade: EURUSD Price=1.085384 Volume=45322
[2026-02-27 13:30:54.217] [INFO] Trade: USDJPY Price=150.041356 Volume=76407
[2026-02-27 13:30:54.220] [INFO] Trade: GBPUSD Price=1.270296 Volume=97469
[2026-02-27 13:30:54.327] [INFO] Trade: EURUSD Price=1.085397 Volume=59308
[2026-02-27 13:30:54.329] [INFO] Trade: USDJPY Price=150.050211 Volume=21810
[2026-02-27 13:30:54.332] [INFO] Trade: GBPUSD Price=1.270309 Volume=98475
[2026-02-27 13:30:54.440] [INFO] Trade: EURUSD Price=1.085358 Volume=37944
[2026-02-27 13:30:54.443] [INFO] Trade: USDJPY Price=150.042624 Volume=69971
[2026-02-27 13:30:54.444] [INFO] Trade: GBPUSD Price=1.270317 Volume=31845
[2026-02-27 13:30:54.551] [INFO] Trade: EURUSD Price=1.085422 Volume=69988
[2026-02-27 13:30:54.552] [INFO] Trade: USDJPY Price=150.036187 Volume=38141
[2026-02-27 13:30:54.554] [INFO] Trade: GBPUSD Price=1.270394 Volume=99918
[2026-02-27 13:30:54.665] [INFO] Trade: EURUSD Price=1.085356 Volume=76537
[2026-02-27 13:30:54.667] [INFO] Trade: USDJPY Price=150.027438 Volume=60508
[2026-02-27 13:30:54.669] [INFO] Trade: GBPUSD Price=1.270470 Volume=18095
[2026-02-27 13:30:54.777] [INFO] Trade: EURUSD Price=1.085258 Volume=27139
[2026-02-27 13:30:54.779] [INFO] Trade: USDJPY Price=150.024816 Volume=67087
[2026-02-27 13:30:54.781] [INFO] Trade: GBPUSD Price=1.270476 Volume=98348
[2026-02-27 13:30:54.889] [INFO] Trade: EURUSD Price=1.085189 Volume=40222
[2026-02-27 13:30:54.890] [INFO] Trade: USDJPY Price=150.019872 Volume=68029
[2026-02-27 13:30:54.891] [INFO] Trade: GBPUSD Price=1.270451 Volume=25584
[2026-02-27 13:30:55.001] [INFO] Trade: EURUSD Price=1.085208 Volume=48543
[2026-02-27 13:30:55.003] [INFO] Trade: USDJPY Price=150.019513 Volume=88982
[2026-02-27 13:30:55.004] [INFO] Trade: GBPUSD Price=1.270493 Volume=63056
[2026-02-27 13:30:55.110] [INFO] Trade: EURUSD Price=1.085154 Volume=53020
[2026-02-27 13:30:55.112] [INFO] Trade: USDJPY Price=150.009877 Volume=62469
[2026-02-27 13:30:55.113] [INFO] Trade: GBPUSD Price=1.270443 Volume=68925
[2026-02-27 13:30:55.222] [INFO] Trade: EURUSD Price=1.085069 Volume=65538
[2026-02-27 13:30:55.225] [INFO] Trade: USDJPY Price=150.005183 Volume=99683
[2026-02-27 13:30:55.227] [INFO] Trade: GBPUSD Price=1.270449 Volume=98440
[2026-02-27 13:30:55.335] [INFO] Trade: EURUSD Price=1.085115 Volume=79561
[2026-02-27 13:30:55.338] [INFO] Trade: USDJPY Price=149.999258 Volume=62566
[2026-02-27 13:30:55.339] [INFO] Trade: GBPUSD Price=1.270371 Volume=43733
[2026-02-27 13:30:55.446] [INFO] Trade: EURUSD Price=1.085185 Volume=89169
[2026-02-27 13:30:55.447] [INFO] Trade: USDJPY Price=150.005613 Volume=39406
[2026-02-27 13:30:55.449] [INFO] Trade: GBPUSD Price=1.270403 Volume=63492
[2026-02-27 13:30:55.556] [INFO] Trade: EURUSD Price=1.085090 Volume=14408
[2026-02-27 13:30:55.559] [INFO] Trade: USDJPY Price=150.011012 Volume=38145
[2026-02-27 13:30:55.561] [INFO] Trade: GBPUSD Price=1.270335 Volume=53937
[2026-02-27 13:30:55.671] [INFO] Trade: EURUSD Price=1.085075 Volume=48060
[2026-02-27 13:30:55.672] [INFO] Trade: USDJPY Price=150.002897 Volume=79881
[2026-02-27 13:30:55.674] [INFO] Trade: GBPUSD Price=1.270430 Volume=52383
[2026-02-27 13:30:55.781] [INFO] Trade: EURUSD Price=1.085115 Volume=67105
[2026-02-27 13:30:55.783] [INFO] Trade: USDJPY Price=149.994341 Volume=67468
[2026-02-27 13:30:55.785] [INFO] Trade: GBPUSD Price=1.270337 Volume=57603
[2026-02-27 13:30:55.893] [INFO] Trade: EURUSD Price=1.085074 Volume=38764
[2026-02-27 13:30:55.896] [INFO] Trade: USDJPY Price=149.994958 Volume=66801
[2026-02-27 13:30:55.898] [INFO] Trade: GBPUSD Price=1.270436 Volume=46686
[2026-02-27 13:30:56.007] [INFO] Trade: EURUSD Price=1.085138 Volume=75201
[2026-02-27 13:30:56.009] [INFO] Trade: USDJPY Price=149.989869 Volume=97179
[2026-02-27 13:30:56.011] [INFO] Trade: GBPUSD Price=1.270442 Volume=77375
[2026-02-27 13:30:56.119] [INFO] Trade: EURUSD Price=1.085174 Volume=19506
[2026-02-27 13:30:56.122] [INFO] Trade: USDJPY Price=149.992089 Volume=17095
[2026-02-27 13:30:56.124] [INFO] Trade: GBPUSD Price=1.270434 Volume=48111
[2026-02-27 13:30:56.232] [INFO] Trade: EURUSD Price=1.085093 Volume=16109
[2026-02-27 13:30:56.234] [INFO] Trade: USDJPY Price=149.983471 Volume=23829
[2026-02-27 13:30:56.236] [INFO] Trade: GBPUSD Price=1.270390 Volume=33584
[2026-02-27 13:30:56.344] [INFO] Trade: EURUSD Price=1.085089 Volume=57443
[2026-02-27 13:30:56.347] [INFO] Trade: USDJPY Price=149.982620 Volume=18499
[2026-02-27 13:30:56.349] [INFO] Trade: GBPUSD Price=1.270314 Volume=56625
[2026-02-27 13:30:56.456] [INFO] Trade: EURUSD Price=1.085178 Volume=78066
[2026-02-27 13:30:56.458] [INFO] Trade: USDJPY Price=149.977983 Volume=96193
[2026-02-27 13:30:56.459] [INFO] Trade: GBPUSD Price=1.270262 Volume=47419
[2026-02-27 13:30:56.568] [INFO] Trade: EURUSD Price=1.085173 Volume=36016
[2026-02-27 13:30:56.570] [INFO] Trade: USDJPY Price=149.981420 Volume=65237
[2026-02-27 13:30:56.571] [INFO] Trade: GBPUSD Price=1.270260 Volume=16119
[2026-02-27 13:30:56.680] [INFO] Trade: EURUSD Price=1.085124 Volume=94170
[2026-02-27 13:30:56.683] [INFO] Trade: USDJPY Price=149.989785 Volume=70105
[2026-02-27 13:30:56.685] [INFO] Trade: GBPUSD Price=1.270329 Volume=81109
[2026-02-27 13:30:56.793] [INFO] Trade: EURUSD Price=1.085069 Volume=80247
[2026-02-27 13:30:56.795] [INFO] Trade: USDJPY Price=149.993292 Volume=55910
[2026-02-27 13:30:56.797] [INFO] Trade: GBPUSD Price=1.270275 Volume=64195
[2026-02-27 13:30:56.905] [INFO] Trade: EURUSD Price=1.085046 Volume=98601
[2026-02-27 13:30:56.907] [INFO] Trade: USDJPY Price=149.996396 Volume=10103
[2026-02-27 13:30:56.910] [INFO] Trade: GBPUSD Price=1.270268 Volume=52211
[2026-02-27 13:30:57.019] [INFO] Trade: EURUSD Price=1.084947 Volume=51482
[2026-02-27 13:30:57.021] [INFO] Trade: USDJPY Price=150.001799 Volume=97385
[2026-02-27 13:30:57.023] [INFO] Trade: GBPUSD Price=1.270229 Volume=80627
[2026-02-27 13:30:57.130] [INFO] Trade: EURUSD Price=1.084941 Volume=32282
[2026-02-27 13:30:57.132] [INFO] Trade: USDJPY Price=150.007928 Volume=25828
[2026-02-27 13:30:57.134] [INFO] Trade: GBPUSD Price=1.270273 Volume=46675
[2026-02-27 13:30:57.242] [INFO] Trade: EURUSD Price=1.084884 Volume=23745
[2026-02-27 13:30:57.244] [INFO] Trade: USDJPY Price=150.004751 Volume=75072
[2026-02-27 13:30:57.246] [INFO] Trade: GBPUSD Price=1.270230 Volume=27257
[2026-02-27 13:30:57.356] [INFO] Trade: EURUSD Price=1.084932 Volume=78033
[2026-02-27 13:30:57.359] [INFO] Trade: USDJPY Price=150.001390 Volume=92569
[2026-02-27 13:30:57.361] [INFO] Trade: GBPUSD Price=1.270184 Volume=87137
[2026-02-27 13:30:57.467] [INFO] Trade: EURUSD Price=1.084835 Volume=26979
[2026-02-27 13:30:57.468] [INFO] Trade: USDJPY Price=149.997140 Volume=63378
[2026-02-27 13:30:57.469] [INFO] Trade: GBPUSD Price=1.270101 Volume=61859
[2026-02-27 13:30:57.580] [INFO] Trade: EURUSD Price=1.084872 Volume=92235
[2026-02-27 13:30:57.582] [INFO] Trade: USDJPY Price=150.006755 Volume=48316
[2026-02-27 13:30:57.584] [INFO] Trade: GBPUSD Price=1.270130 Volume=95475
[2026-02-27 13:30:57.692] [INFO] Trade: EURUSD Price=1.084959 Volume=71112
[2026-02-27 13:30:57.694] [INFO] Trade: USDJPY Price=150.009471 Volume=80002
[2026-02-27 13:30:57.696] [INFO] Trade: GBPUSD Price=1.270035 Volume=28804
[2026-02-27 13:30:57.804] [INFO] Trade: EURUSD Price=1.085000 Volume=68480
[2026-02-27 13:30:57.807] [INFO] Trade: USDJPY Price=150.006036 Volume=20745
[2026-02-27 13:30:57.809] [INFO] Trade: GBPUSD Price=1.270056 Volume=21184
[2026-02-27 13:30:57.916] [INFO] Trade: EURUSD Price=1.085095 Volume=51285
[2026-02-27 13:30:57.919] [INFO] Trade: USDJPY Price=150.009275 Volume=69607
[2026-02-27 13:30:57.921] [INFO] Trade: GBPUSD Price=1.270098 Volume=41519
[2026-02-27 13:30:58.029] [INFO] Trade: EURUSD Price=1.085128 Volume=28536
[2026-02-27 13:30:58.032] [INFO] Trade: USDJPY Price=150.007943 Volume=85774
[2026-02-27 13:30:58.033] [INFO] Trade: GBPUSD Price=1.270165 Volume=16233
[2026-02-27 13:30:58.142] [INFO] Trade: EURUSD Price=1.085096 Volume=65212
[2026-02-27 13:30:58.144] [INFO] Trade: USDJPY Price=150.009588 Volume=99347
[2026-02-27 13:30:58.146] [INFO] Trade: GBPUSD Price=1.270118 Volume=88295
[2026-02-27 13:30:58.253] [INFO] Trade: EURUSD Price=1.085049 Volume=42005
[2026-02-27 13:30:58.255] [INFO] Trade: USDJPY Price=150.014524 Volume=20729
[2026-02-27 13:30:58.257] [INFO] Trade: GBPUSD Price=1.270206 Volume=29542
[2026-02-27 13:30:58.364] [INFO] Trade: EURUSD Price=1.085142 Volume=53152
[2026-02-27 13:30:58.366] [INFO] Trade: USDJPY Price=150.017310 Volume=98441
[2026-02-27 13:30:58.368] [INFO] Trade: GBPUSD Price=1.270258 Volume=68258
[2026-02-27 13:30:58.477] [INFO] Trade: EURUSD Price=1.085151 Volume=41733
[2026-02-27 13:30:58.478] [INFO] Trade: USDJPY Price=150.011236 Volume=57025
[2026-02-27 13:30:58.479] [INFO] Trade: GBPUSD Price=1.270357 Volume=95734
[2026-02-27 13:30:58.588] [INFO] Trade: EURUSD Price=1.085204 Volume=19521
[2026-02-27 13:30:58.591] [INFO] Trade: USDJPY Price=150.003430 Volume=51010
[2026-02-27 13:30:58.593] [INFO] Trade: GBPUSD Price=1.270324 Volume=46412
[2026-02-27 13:30:58.700] [INFO] Trade: EURUSD Price=1.085194 Volume=59888
[2026-02-27 13:30:58.702] [INFO] Trade: USDJPY Price=149.995847 Volume=78716
[2026-02-27 13:30:58.704] [INFO] Trade: GBPUSD Price=1.270349 Volume=54212
[2026-02-27 13:30:58.811] [INFO] Trade: EURUSD Price=1.085176 Volume=93957
[2026-02-27 13:30:58.813] [INFO] Trade: USDJPY Price=150.005302 Volume=42136
[2026-02-27 13:30:58.815] [INFO] Trade: GBPUSD Price=1.270404 Volume=22498
[2026-02-27 13:30:58.924] [INFO] Trade: EURUSD Price=1.085215 Volume=86155
[2026-02-27 13:30:58.926] [INFO] Trade: USDJPY Price=150.011995 Volume=57286
[2026-02-27 13:30:58.928] [INFO] Trade: GBPUSD Price=1.270410 Volume=14556
[2026-02-27 13:30:59.036] [INFO] Trade: EURUSD Price=1.085310 Volume=53637
[2026-02-27 13:30:59.037] [INFO] Trade: USDJPY Price=150.009864 Volume=88252
[2026-02-27 13:30:59.039] [INFO] Trade: GBPUSD Price=1.270325 Volume=76713
[2026-02-27 13:30:59.146] [INFO] Trade: EURUSD Price=1.085314 Volume=65254
[2026-02-27 13:30:59.148] [INFO] Trade: USDJPY Price=150.014577 Volume=23499
[2026-02-27 13:30:59.150] [INFO] Trade: GBPUSD Price=1.270342 Volume=69637
[2026-02-27 13:30:59.259] [INFO] Trade: EURUSD Price=1.085405 Volume=14000
[2026-02-27 13:30:59.260] [INFO] Trade: USDJPY Price=150.019676 Volume=92745
[2026-02-27 13:30:59.262] [INFO] Trade: GBPUSD Price=1.270266 Volume=49816
[2026-02-27 13:30:59.370] [INFO] Trade: EURUSD Price=1.085442 Volume=88491
[2026-02-27 13:30:59.372] [INFO] Trade: USDJPY Price=150.014349 Volume=76271
[2026-02-27 13:30:59.374] [INFO] Trade: GBPUSD Price=1.270245 Volume=60088
[2026-02-27 13:30:59.480] [INFO] Trade: EURUSD Price=1.085531 Volume=73364
[2026-02-27 13:30:59.482] [INFO] Trade: USDJPY Price=150.013195 Volume=69978
[2026-02-27 13:30:59.482] [INFO] Trade: GBPUSD Price=1.270175 Volume=39777
[2026-02-27 13:30:59.594] [INFO] Trade: EURUSD Price=1.085516 Volume=67039
[2026-02-27 13:30:59.596] [INFO] Trade: USDJPY Price=150.006768 Volume=27735
[2026-02-27 13:30:59.598] [INFO] Trade: GBPUSD Price=1.270239 Volume=54548
[2026-02-27 13:30:59.706] [INFO] Trade: EURUSD Price=1.085573 Volume=89900
[2026-02-27 13:30:59.708] [INFO] Trade: USDJPY Price=150.004592 Volume=89473
[2026-02-27 13:30:59.710] [INFO] Trade: GBPUSD Price=1.270269 Volume=45711
[2026-02-27 13:30:59.818] [INFO] Trade: EURUSD Price=1.085635 Volume=10537
[2026-02-27 13:30:59.820] [INFO] Trade: USDJPY Price=150.008463 Volume=43965
[2026-02-27 13:30:59.822] [INFO] Trade: GBPUSD Price=1.270212 Volume=19482
[2026-02-27 13:30:59.930] [INFO] Trade: EURUSD Price=1.085733 Volume=95438
[2026-02-27 13:30:59.931] [INFO] Trade: USDJPY Price=150.005014 Volume=39962
[2026-02-27 13:30:59.933] [INFO] Trade: GBPUSD Price=1.270250 Volume=49478
[2026-02-27 13:31:00.044] [INFO] Trade: EURUSD Price=1.085800 Volume=30394
[2026-02-27 13:31:00.046] [INFO] Trade: USDJPY Price=150.013499 Volume=25052
[2026-02-27 13:31:00.048] [INFO] Trade: GBPUSD Price=1.270322 Volume=48857
[2026-02-27 13:31:00.152] [INFO] Trade: EURUSD Price=1.085794 Volume=56298
[2026-02-27 13:31:00.153] [INFO] Trade: USDJPY Price=150.021185 Volume=85386
[2026-02-27 13:31:00.155] [INFO] Trade: GBPUSD Price=1.270252 Volume=23927
[2026-02-27 13:31:00.264] [INFO] Trade: EURUSD Price=1.085734 Volume=99604
[2026-02-27 13:31:00.266] [INFO] Trade: USDJPY Price=150.023972 Volume=77384
[2026-02-27 13:31:00.268] [INFO] Trade: GBPUSD Price=1.270317 Volume=12554
[2026-02-27 13:31:00.372] [INFO] Trade: EURUSD Price=1.085650 Volume=38667
[2026-02-27 13:31:00.373] [INFO] Trade: USDJPY Price=150.024654 Volume=80380
[2026-02-27 13:31:00.376] [INFO] Trade: GBPUSD Price=1.270365 Volume=20053
[2026-02-27 13:31:00.487] [INFO] Trade: EURUSD Price=1.085578 Volume=33564
[2026-02-27 13:31:00.488] [INFO] Trade: USDJPY Price=150.023699 Volume=54566
[2026-02-27 13:31:00.489] [INFO] Trade: GBPUSD Price=1.270302 Volume=70628
[2026-02-27 13:31:00.598] [INFO] Trade: EURUSD Price=1.085513 Volume=23284
[2026-02-27 13:31:00.601] [INFO] Trade: USDJPY Price=150.014798 Volume=18683
[2026-02-27 13:31:00.603] [INFO] Trade: GBPUSD Price=1.270267 Volume=60450
[2026-02-27 13:31:00.710] [INFO] Trade: EURUSD Price=1.085599 Volume=12226
[2026-02-27 13:31:00.712] [INFO] Trade: USDJPY Price=150.021411 Volume=62451
[2026-02-27 13:31:00.714] [INFO] Trade: GBPUSD Price=1.270330 Volume=22783
[2026-02-27 13:31:00.822] [INFO] Trade: EURUSD Price=1.085530 Volume=99003
[2026-02-27 13:31:00.824] [INFO] Trade: USDJPY Price=150.011421 Volume=13021
[2026-02-27 13:31:00.826] [INFO] Trade: GBPUSD Price=1.270312 Volume=65131
[2026-02-27 13:31:00.931] [INFO] Trade: EURUSD Price=1.085628 Volume=49903
[2026-02-27 13:31:00.932] [INFO] Trade: USDJPY Price=150.001771 Volume=53157
[2026-02-27 13:31:00.933] [INFO] Trade: GBPUSD Price=1.270372 Volume=95626
[2026-02-27 13:31:01.045] [INFO] Trade: EURUSD Price=1.085562 Volume=54828
[2026-02-27 13:31:01.046] [INFO] Trade: USDJPY Price=150.009788 Volume=34652
[2026-02-27 13:31:01.048] [INFO] Trade: GBPUSD Price=1.270313 Volume=86066
[2026-02-27 13:31:01.155] [INFO] Trade: EURUSD Price=1.085610 Volume=82079
[2026-02-27 13:31:01.158] [INFO] Trade: USDJPY Price=150.011510 Volume=32206
[2026-02-27 13:31:01.159] [INFO] Trade: GBPUSD Price=1.270346 Volume=63188
[2026-02-27 13:31:01.268] [INFO] Trade: EURUSD Price=1.085624 Volume=66337
[2026-02-27 13:31:01.269] [INFO] Trade: USDJPY Price=150.014729 Volume=91149
[2026-02-27 13:31:01.270] [INFO] Trade: GBPUSD Price=1.270251 Volume=90168
[2026-02-27 13:31:01.380] [INFO] Trade: EURUSD Price=1.085720 Volume=80427
[2026-02-27 13:31:01.382] [INFO] Trade: USDJPY Price=150.016723 Volume=62330
[2026-02-27 13:31:01.384] [INFO] Trade: GBPUSD Price=1.270337 Volume=18688
[2026-02-27 13:31:01.491] [INFO] Trade: EURUSD Price=1.085806 Volume=11528
[2026-02-27 13:31:01.493] [INFO] Trade: USDJPY Price=150.009140 Volume=13591
[2026-02-27 13:31:01.494] [INFO] Trade: GBPUSD Price=1.270354 Volume=53587
[2026-02-27 13:31:01.602] [INFO] Trade: EURUSD Price=1.085874 Volume=21658
[2026-02-27 13:31:01.603] [INFO] Trade: USDJPY Price=150.011319 Volume=59706
[2026-02-27 13:31:01.604] [INFO] Trade: GBPUSD Price=1.270380 Volume=86347
[2026-02-27 13:31:01.715] [INFO] Trade: EURUSD Price=1.085865 Volume=65324
[2026-02-27 13:31:01.717] [INFO] Trade: USDJPY Price=150.008567 Volume=16070
[2026-02-27 13:31:01.719] [INFO] Trade: GBPUSD Price=1.270324 Volume=54061
[2026-02-27 13:31:01.826] [INFO] Trade: EURUSD Price=1.085803 Volume=97825
[2026-02-27 13:31:01.828] [INFO] Trade: USDJPY Price=150.017554 Volume=28494
[2026-02-27 13:31:01.829] [INFO] Trade: GBPUSD Price=1.270253 Volume=47877
[2026-02-27 13:31:01.938] [INFO] Trade: EURUSD Price=1.085841 Volume=13838
[2026-02-27 13:31:01.941] [INFO] Trade: USDJPY Price=150.020258 Volume=30814
[2026-02-27 13:31:01.943] [INFO] Trade: GBPUSD Price=1.270352 Volume=58474
[2026-02-27 13:31:02.052] [INFO] Trade: EURUSD Price=1.085880 Volume=76942
[2026-02-27 13:31:02.054] [INFO] Trade: USDJPY Price=150.017019 Volume=58222
[2026-02-27 13:31:02.056] [INFO] Trade: GBPUSD Price=1.270341 Volume=99090
[2026-02-27 13:31:02.162] [INFO] Trade: EURUSD Price=1.085925 Volume=54132
[2026-02-27 13:31:02.164] [INFO] Trade: USDJPY Price=150.024079 Volume=45823
[2026-02-27 13:31:02.166] [INFO] Trade: GBPUSD Price=1.270411 Volume=34326
[2026-02-27 13:31:02.274] [INFO] Trade: EURUSD Price=1.085866 Volume=95266
[2026-02-27 13:31:02.277] [INFO] Trade: USDJPY Price=150.021097 Volume=67628
[2026-02-27 13:31:02.279] [INFO] Trade: GBPUSD Price=1.270395 Volume=45976
[2026-02-27 13:31:02.385] [INFO] Trade: EURUSD Price=1.085910 Volume=95314
[2026-02-27 13:31:02.387] [INFO] Trade: USDJPY Price=150.012738 Volume=95579
[2026-02-27 13:31:02.389] [INFO] Trade: GBPUSD Price=1.270308 Volume=22783
[2026-02-27 13:31:02.497] [INFO] Trade: EURUSD Price=1.085843 Volume=25868
[2026-02-27 13:31:02.499] [INFO] Trade: USDJPY Price=150.010157 Volume=61634
[2026-02-27 13:31:02.501] [INFO] Trade: GBPUSD Price=1.270218 Volume=20188
[2026-02-27 13:31:02.608] [INFO] Trade: EURUSD Price=1.085774 Volume=75580
[2026-02-27 13:31:02.611] [INFO] Trade: USDJPY Price=150.014914 Volume=45683
[2026-02-27 13:31:02.613] [INFO] Trade: GBPUSD Price=1.270124 Volume=87440
[2026-02-27 13:31:02.719] [INFO] Trade: EURUSD Price=1.085861 Volume=18869
[2026-02-27 13:31:02.722] [INFO] Trade: USDJPY Price=150.023235 Volume=87305
[2026-02-27 13:31:02.724] [INFO] Trade: GBPUSD Price=1.270181 Volume=77422
[2026-02-27 13:31:02.831] [INFO] Trade: EURUSD Price=1.085907 Volume=25984
[2026-02-27 13:31:02.833] [INFO] Trade: USDJPY Price=150.021206 Volume=69090
[2026-02-27 13:31:02.835] [INFO] Trade: GBPUSD Price=1.270124 Volume=12780
[2026-02-27 13:31:02.942] [INFO] Trade: EURUSD Price=1.085994 Volume=15282
[2026-02-27 13:31:02.943] [INFO] Trade: USDJPY Price=150.019634 Volume=36598
[2026-02-27 13:31:02.945] [INFO] Trade: GBPUSD Price=1.270090 Volume=38514
[2026-02-27 13:31:03.056] [INFO] Trade: EURUSD Price=1.086071 Volume=68338
[2026-02-27 13:31:03.058] [INFO] Trade: USDJPY Price=150.010139 Volume=28141
[2026-02-27 13:31:03.060] [INFO] Trade: GBPUSD Price=1.269996 Volume=60313
[2026-02-27 13:31:03.166] [INFO] Trade: EURUSD Price=1.086142 Volume=70876
[2026-02-27 13:31:03.168] [INFO] Trade: USDJPY Price=150.001761 Volume=50142
[2026-02-27 13:31:03.171] [INFO] Trade: GBPUSD Price=1.269906 Volume=43262
[2026-02-27 13:31:03.279] [INFO] Trade: EURUSD Price=1.086201 Volume=69653
[2026-02-27 13:31:03.281] [INFO] Trade: USDJPY Price=149.998377 Volume=18344
[2026-02-27 13:31:03.283] [INFO] Trade: GBPUSD Price=1.269818 Volume=20634
[2026-02-27 13:31:03.388] [INFO] Trade: EURUSD Price=1.086299 Volume=74439
[2026-02-27 13:31:03.389] [INFO] Trade: USDJPY Price=149.998248 Volume=73623
[2026-02-27 13:31:03.390] [INFO] Trade: GBPUSD Price=1.269918 Volume=46410
[2026-02-27 13:31:03.499] [INFO] Trade: EURUSD Price=1.086213 Volume=47307
[2026-02-27 13:31:03.500] [INFO] Trade: USDJPY Price=149.997545 Volume=86372
[2026-02-27 13:31:03.500] [INFO] Trade: GBPUSD Price=1.269891 Volume=83639
[2026-02-27 13:31:03.611] [INFO] Trade: EURUSD Price=1.086133 Volume=47953
[2026-02-27 13:31:03.612] [INFO] Trade: USDJPY Price=150.004924 Volume=42367
[2026-02-27 13:31:03.613] [INFO] Trade: GBPUSD Price=1.269803 Volume=58032
[2026-02-27 13:31:03.723] [INFO] Trade: EURUSD Price=1.086111 Volume=40226
[2026-02-27 13:31:03.724] [INFO] Trade: USDJPY Price=149.998437 Volume=13872
[2026-02-27 13:31:03.725] [INFO] Trade: GBPUSD Price=1.269874 Volume=91464
[2026-02-27 13:31:03.833] [INFO] Trade: EURUSD Price=1.086147 Volume=39998
[2026-02-27 13:31:03.834] [INFO] Trade: USDJPY Price=149.997065 Volume=92092
[2026-02-27 13:31:03.835] [INFO] Trade: GBPUSD Price=1.269795 Volume=32733
[2026-02-27 13:31:03.944] [INFO] Trade: EURUSD Price=1.086073 Volume=76264
[2026-02-27 13:31:03.945] [INFO] Trade: USDJPY Price=149.998302 Volume=95693
[2026-02-27 13:31:03.946] [INFO] Trade: GBPUSD Price=1.269751 Volume=63749
[2026-02-27 13:31:04.058] [INFO] Trade: EURUSD Price=1.086033 Volume=41771
[2026-02-27 13:31:04.060] [INFO] Trade: USDJPY Price=149.994641 Volume=29134
[2026-02-27 13:31:04.062] [INFO] Trade: GBPUSD Price=1.269830 Volume=43316
[2026-02-27 13:31:04.169] [INFO] Trade: EURUSD Price=1.085971 Volume=31824
[2026-02-27 13:31:04.172] [INFO] Trade: USDJPY Price=149.985716 Volume=45305
[2026-02-27 13:31:04.174] [INFO] Trade: GBPUSD Price=1.269911 Volume=11195
[2026-02-27 13:31:04.280] [INFO] Trade: EURUSD Price=1.086051 Volume=73803
[2026-02-27 13:31:04.282] [INFO] Trade: USDJPY Price=149.988475 Volume=18403
[2026-02-27 13:31:04.285] [INFO] Trade: GBPUSD Price=1.269872 Volume=93259
[2026-02-27 13:31:04.392] [INFO] Trade: EURUSD Price=1.086127 Volume=19150
[2026-02-27 13:31:04.394] [INFO] Trade: USDJPY Price=149.998383 Volume=74837
[2026-02-27 13:31:04.396] [INFO] Trade: GBPUSD Price=1.269891 Volume=36761
[2026-02-27 13:31:04.504] [INFO] Trade: EURUSD Price=1.086039 Volume=67490
[2026-02-27 13:31:04.505] [INFO] Trade: USDJPY Price=149.994313 Volume=14171
[2026-02-27 13:31:04.506] [INFO] Trade: GBPUSD Price=1.269892 Volume=95314
[2026-02-27 13:31:04.616] [INFO] Trade: EURUSD Price=1.086050 Volume=66796
[2026-02-27 13:31:04.618] [INFO] Trade: USDJPY Price=149.986110 Volume=22000
[2026-02-27 13:31:04.621] [INFO] Trade: GBPUSD Price=1.269934 Volume=79952
[2026-02-27 13:31:04.729] [INFO] Trade: EURUSD Price=1.086131 Volume=91320
[2026-02-27 13:31:04.732] [INFO] Trade: USDJPY Price=149.988836 Volume=19823
[2026-02-27 13:31:04.734] [INFO] Trade: GBPUSD Price=1.269999 Volume=69729
[2026-02-27 13:31:04.839] [INFO] Trade: EURUSD Price=1.086162 Volume=36457
[2026-02-27 13:31:04.841] [INFO] Trade: USDJPY Price=149.993762 Volume=67805
[2026-02-27 13:31:04.843] [INFO] Trade: GBPUSD Price=1.269985 Volume=14360
[2026-02-27 13:31:04.951] [INFO] Trade: EURUSD Price=1.086196 Volume=39896
[2026-02-27 13:31:04.952] [INFO] Trade: USDJPY Price=149.997973 Volume=57349
[2026-02-27 13:31:04.953] [INFO] Trade: GBPUSD Price=1.270031 Volume=31659
[2026-02-27 13:31:05.064] [INFO] Trade: EURUSD Price=1.086280 Volume=80324
[2026-02-27 13:31:05.065] [INFO] Trade: USDJPY Price=149.993732 Volume=44492
[2026-02-27 13:31:05.067] [INFO] Trade: GBPUSD Price=1.270087 Volume=60100
[2026-02-27 13:31:05.174] [INFO] Trade: EURUSD Price=1.086259 Volume=89656
[2026-02-27 13:31:05.176] [INFO] Trade: USDJPY Price=149.991692 Volume=80216
[2026-02-27 13:31:05.177] [INFO] Trade: GBPUSD Price=1.270055 Volume=31827
[2026-02-27 13:31:05.288] [INFO] Trade: EURUSD Price=1.086160 Volume=76713
[2026-02-27 13:31:05.290] [INFO] Trade: USDJPY Price=149.983788 Volume=28179
[2026-02-27 13:31:05.292] [INFO] Trade: GBPUSD Price=1.270109 Volume=59459
[2026-02-27 13:31:05.400] [INFO] Trade: EURUSD Price=1.086157 Volume=80115
[2026-02-27 13:31:05.402] [INFO] Trade: USDJPY Price=149.983776 Volume=81907
[2026-02-27 13:31:05.404] [INFO] Trade: GBPUSD Price=1.270156 Volume=84766
[2026-02-27 13:31:05.511] [INFO] Trade: EURUSD Price=1.086082 Volume=16559
[2026-02-27 13:31:05.512] [INFO] Trade: USDJPY Price=149.975547 Volume=55284
[2026-02-27 13:31:05.512] [INFO] Trade: GBPUSD Price=1.270082 Volume=94871
[2026-02-27 13:31:05.624] [INFO] Trade: EURUSD Price=1.086119 Volume=75418
[2026-02-27 13:31:05.625] [INFO] Trade: USDJPY Price=149.970015 Volume=75045
[2026-02-27 13:31:05.627] [INFO] Trade: GBPUSD Price=1.270004 Volume=50384
[2026-02-27 13:31:05.734] [INFO] Trade: EURUSD Price=1.086153 Volume=67665
[2026-02-27 13:31:05.737] [INFO] Trade: USDJPY Price=149.966591 Volume=85489
[2026-02-27 13:31:05.739] [INFO] Trade: GBPUSD Price=1.269946 Volume=77422
[2026-02-27 13:31:05.845] [INFO] Trade: EURUSD Price=1.086170 Volume=89011
[2026-02-27 13:31:05.846] [INFO] Trade: USDJPY Price=149.970772 Volume=31134
[2026-02-27 13:31:05.846] [INFO] Trade: GBPUSD Price=1.269993 Volume=48062
[2026-02-27 13:31:05.955] [INFO] Trade: EURUSD Price=1.086237 Volume=88024
[2026-02-27 13:31:05.957] [INFO] Trade: USDJPY Price=149.962497 Volume=70609
[2026-02-27 13:31:05.959] [INFO] Trade: GBPUSD Price=1.269913 Volume=43228
[2026-02-27 13:31:06.068] [INFO] Trade: EURUSD Price=1.086274 Volume=29435
[2026-02-27 13:31:06.071] [INFO] Trade: USDJPY Price=149.968053 Volume=81043
[2026-02-27 13:31:06.073] [INFO] Trade: GBPUSD Price=1.269886 Volume=46477
[2026-02-27 13:31:06.179] [INFO] Trade: EURUSD Price=1.086216 Volume=17800
[2026-02-27 13:31:06.180] [INFO] Trade: USDJPY Price=149.973492 Volume=56726
[2026-02-27 13:31:06.181] [INFO] Trade: GBPUSD Price=1.269982 Volume=44944
[2026-02-27 13:31:06.291] [INFO] Trade: EURUSD Price=1.086226 Volume=92663
[2026-02-27 13:31:06.291] [INFO] Trade: USDJPY Price=149.969587 Volume=67775
[2026-02-27 13:31:06.293] [INFO] Trade: GBPUSD Price=1.269979 Volume=85949
[2026-02-27 13:31:06.403] [INFO] Trade: EURUSD Price=1.086204 Volume=80374
[2026-02-27 13:31:06.405] [INFO] Trade: USDJPY Price=149.961599 Volume=10892
[2026-02-27 13:31:06.407] [INFO] Trade: GBPUSD Price=1.269919 Volume=31363
[2026-02-27 13:31:06.513] [INFO] Trade: EURUSD Price=1.086210 Volume=27687
[2026-02-27 13:31:06.514] [INFO] Trade: USDJPY Price=149.968305 Volume=46478
[2026-02-27 13:31:06.515] [INFO] Trade: GBPUSD Price=1.269840 Volume=16948
[2026-02-27 13:31:06.626] [INFO] Trade: EURUSD Price=1.086168 Volume=80599
[2026-02-27 13:31:06.628] [INFO] Trade: USDJPY Price=149.964136 Volume=65954
[2026-02-27 13:31:06.630] [INFO] Trade: GBPUSD Price=1.269924 Volume=96799
[2026-02-27 13:31:06.738] [INFO] Trade: EURUSD Price=1.086155 Volume=35631
[2026-02-27 13:31:06.741] [INFO] Trade: USDJPY Price=149.955829 Volume=78229
[2026-02-27 13:31:06.743] [INFO] Trade: GBPUSD Price=1.269910 Volume=14688
[2026-02-27 13:31:06.851] [INFO] Trade: EURUSD Price=1.086177 Volume=19878
[2026-02-27 13:31:06.853] [INFO] Trade: USDJPY Price=149.964504 Volume=41311
[2026-02-27 13:31:06.854] [INFO] Trade: GBPUSD Price=1.269916 Volume=33956
[2026-02-27 13:31:06.963] [INFO] Trade: EURUSD Price=1.086237 Volume=86973
[2026-02-27 13:31:06.965] [INFO] Trade: USDJPY Price=149.972563 Volume=79207
[2026-02-27 13:31:06.967] [INFO] Trade: GBPUSD Price=1.269895 Volume=65424
[2026-02-27 13:31:07.077] [INFO] Trade: EURUSD Price=1.086303 Volume=13351
[2026-02-27 13:31:07.079] [INFO] Trade: USDJPY Price=149.976029 Volume=68106
[2026-02-27 13:31:07.081] [INFO] Trade: GBPUSD Price=1.269945 Volume=50656
[2026-02-27 13:31:07.187] [INFO] Trade: EURUSD Price=1.086325 Volume=69998
[2026-02-27 13:31:07.190] [INFO] Trade: USDJPY Price=149.976830 Volume=38423
[2026-02-27 13:31:07.191] [INFO] Trade: GBPUSD Price=1.270000 Volume=80177
[2026-02-27 13:31:07.298] [INFO] Trade: EURUSD Price=1.086322 Volume=21280
[2026-02-27 13:31:07.300] [INFO] Trade: USDJPY Price=149.969433 Volume=97046
[2026-02-27 13:31:07.302] [INFO] Trade: GBPUSD Price=1.269915 Volume=10703
[2026-02-27 13:31:07.409] [INFO] Trade: EURUSD Price=1.086307 Volume=43499
[2026-02-27 13:31:07.412] [INFO] Trade: USDJPY Price=149.960991 Volume=75063
[2026-02-27 13:31:07.414] [INFO] Trade: GBPUSD Price=1.269921 Volume=52941
[2026-02-27 13:31:07.521] [INFO] Trade: EURUSD Price=1.086295 Volume=66859
[2026-02-27 13:31:07.521] [INFO] Trade: USDJPY Price=149.953521 Volume=56512
[2026-02-27 13:31:07.522] [INFO] Trade: GBPUSD Price=1.269895 Volume=18873
[2026-02-27 13:31:07.634] [INFO] Trade: EURUSD Price=1.086223 Volume=63876
[2026-02-27 13:31:07.636] [INFO] Trade: USDJPY Price=149.943852 Volume=27662
[2026-02-27 13:31:07.637] [INFO] Trade: GBPUSD Price=1.269859 Volume=19585
[2026-02-27 13:31:07.746] [INFO] Trade: EURUSD Price=1.086191 Volume=29580
[2026-02-27 13:31:07.748] [INFO] Trade: USDJPY Price=149.938873 Volume=28464
[2026-02-27 13:31:07.750] [INFO] Trade: GBPUSD Price=1.269862 Volume=73290
[2026-02-27 13:31:07.858] [INFO] Trade: EURUSD Price=1.086202 Volume=13167
[2026-02-27 13:31:07.861] [INFO] Trade: USDJPY Price=149.945936 Volume=29082
[2026-02-27 13:31:07.863] [INFO] Trade: GBPUSD Price=1.269778 Volume=86765
[2026-02-27 13:31:07.969] [INFO] Trade: EURUSD Price=1.086298 Volume=73605
[2026-02-27 13:31:07.971] [INFO] Trade: USDJPY Price=149.947092 Volume=83918
[2026-02-27 13:31:07.973] [INFO] Trade: GBPUSD Price=1.269861 Volume=24958
[2026-02-27 13:31:08.081] [INFO] Trade: EURUSD Price=1.086323 Volume=84410
[2026-02-27 13:31:08.083] [INFO] Trade: USDJPY Price=149.947844 Volume=25339
[2026-02-27 13:31:08.085] [INFO] Trade: GBPUSD Price=1.269813 Volume=25100
[2026-02-27 13:31:08.192] [INFO] Trade: EURUSD Price=1.086227 Volume=16659
[2026-02-27 13:31:08.194] [INFO] Trade: USDJPY Price=149.951526 Volume=85724
[2026-02-27 13:31:08.196] [INFO] Trade: GBPUSD Price=1.269870 Volume=98456
[2026-02-27 13:31:08.303] [INFO] Trade: EURUSD Price=1.086207 Volume=76110
[2026-02-27 13:31:08.305] [INFO] Trade: USDJPY Price=149.953255 Volume=23893
[2026-02-27 13:31:08.307] [INFO] Trade: GBPUSD Price=1.269847 Volume=93181
[2026-02-27 13:31:08.414] [INFO] Trade: EURUSD Price=1.086228 Volume=78230
[2026-02-27 13:31:08.416] [INFO] Trade: USDJPY Price=149.960677 Volume=65711
[2026-02-27 13:31:08.418] [INFO] Trade: GBPUSD Price=1.269894 Volume=71698
[2026-02-27 13:31:08.526] [INFO] Trade: EURUSD Price=1.086187 Volume=38676
[2026-02-27 13:31:08.529] [INFO] Trade: USDJPY Price=149.962155 Volume=84918
[2026-02-27 13:31:08.531] [INFO] Trade: GBPUSD Price=1.269913 Volume=14988
[2026-02-27 13:31:08.636] [INFO] Trade: EURUSD Price=1.086283 Volume=36930
[2026-02-27 13:31:08.638] [INFO] Trade: USDJPY Price=149.961207 Volume=67526
[2026-02-27 13:31:08.640] [INFO] Trade: GBPUSD Price=1.269878 Volume=42364
[2026-02-27 13:31:08.749] [INFO] Trade: EURUSD Price=1.086295 Volume=55471
[2026-02-27 13:31:08.751] [INFO] Trade: USDJPY Price=149.969636 Volume=48190
[2026-02-27 13:31:08.753] [INFO] Trade: GBPUSD Price=1.269864 Volume=50171
[2026-02-27 13:31:08.860] [INFO] Trade: EURUSD Price=1.086388 Volume=12199
[2026-02-27 13:31:08.862] [INFO] Trade: USDJPY Price=149.965440 Volume=98644
[2026-02-27 13:31:08.864] [INFO] Trade: GBPUSD Price=1.269810 Volume=68832
[2026-02-27 13:31:08.972] [INFO] Trade: EURUSD Price=1.086479 Volume=61331
[2026-02-27 13:31:08.974] [INFO] Trade: USDJPY Price=149.970733 Volume=51210
[2026-02-27 13:31:08.976] [INFO] Trade: GBPUSD Price=1.269758 Volume=15029
[2026-02-27 13:31:09.082] [INFO] Trade: EURUSD Price=1.086480 Volume=78340
[2026-02-27 13:31:09.083] [INFO] Trade: USDJPY Price=149.975545 Volume=57612
[2026-02-27 13:31:09.085] [INFO] Trade: GBPUSD Price=1.269765 Volume=19532
[2026-02-27 13:31:09.194] [INFO] Trade: EURUSD Price=1.086516 Volume=52518
[2026-02-27 13:31:09.196] [INFO] Trade: USDJPY Price=149.972162 Volume=29094
[2026-02-27 13:31:09.198] [INFO] Trade: GBPUSD Price=1.269684 Volume=22413
[2026-02-27 13:31:09.306] [INFO] Trade: EURUSD Price=1.086562 Volume=25751
[2026-02-27 13:31:09.308] [INFO] Trade: USDJPY Price=149.965433 Volume=69446
[2026-02-27 13:31:09.310] [INFO] Trade: GBPUSD Price=1.269597 Volume=90495
[2026-02-27 13:31:09.419] [INFO] Trade: EURUSD Price=1.086566 Volume=19419
[2026-02-27 13:31:09.420] [INFO] Trade: USDJPY Price=149.957418 Volume=23823
[2026-02-27 13:31:09.423] [INFO] Trade: GBPUSD Price=1.269688 Volume=69910
[2026-02-27 13:31:09.530] [INFO] Trade: EURUSD Price=1.086565 Volume=71176
[2026-02-27 13:31:09.532] [INFO] Trade: USDJPY Price=149.948149 Volume=29015
[2026-02-27 13:31:09.534] [INFO] Trade: GBPUSD Price=1.269670 Volume=77376
[2026-02-27 13:31:09.641] [INFO] Trade: EURUSD Price=1.086489 Volume=54039
[2026-02-27 13:31:09.642] [INFO] Trade: USDJPY Price=149.940386 Volume=39325
[2026-02-27 13:31:09.643] [INFO] Trade: GBPUSD Price=1.269679 Volume=36159
[2026-02-27 13:31:09.755] [INFO] Trade: EURUSD Price=1.086454 Volume=47358
[2026-02-27 13:31:09.757] [INFO] Trade: USDJPY Price=149.934001 Volume=59069
[2026-02-27 13:31:09.759] [INFO] Trade: GBPUSD Price=1.269593 Volume=11848
[2026-02-27 13:31:09.865] [INFO] Trade: EURUSD Price=1.086539 Volume=22142
[2026-02-27 13:31:09.867] [INFO] Trade: USDJPY Price=149.941931 Volume=93936
[2026-02-27 13:31:09.869] [INFO] Trade: GBPUSD Price=1.269526 Volume=64330
[2026-02-27 13:31:09.978] [INFO] Trade: EURUSD Price=1.086630 Volume=81520
[2026-02-27 13:31:09.979] [INFO] Trade: USDJPY Price=149.943479 Volume=31811
[2026-02-27 13:31:09.981] [INFO] Trade: GBPUSD Price=1.269606 Volume=33185
[2026-02-27 13:31:10.092] [INFO] Trade: EURUSD Price=1.086680 Volume=60641
[2026-02-27 13:31:10.095] [INFO] Trade: USDJPY Price=149.940502 Volume=15776
[2026-02-27 13:31:10.098] [INFO] Trade: GBPUSD Price=1.269660 Volume=60741
[2026-02-27 13:31:10.203] [INFO] Trade: EURUSD Price=1.086650 Volume=74369
[2026-02-27 13:31:10.205] [INFO] Trade: USDJPY Price=149.943343 Volume=66717
[2026-02-27 13:31:10.207] [INFO] Trade: GBPUSD Price=1.269738 Volume=45168
[2026-02-27 13:31:10.314] [INFO] Trade: EURUSD Price=1.086713 Volume=40385
[2026-02-27 13:31:10.316] [INFO] Trade: USDJPY Price=149.946619 Volume=83309
[2026-02-27 13:31:10.318] [INFO] Trade: GBPUSD Price=1.269796 Volume=46007
[2026-02-27 13:31:10.426] [INFO] Trade: EURUSD Price=1.086616 Volume=55507
[2026-02-27 13:31:10.427] [INFO] Trade: USDJPY Price=149.949332 Volume=45127
[2026-02-27 13:31:10.428] [INFO] Trade: GBPUSD Price=1.269896 Volume=49957
[2026-02-27 13:31:10.536] [INFO] Trade: EURUSD Price=1.086528 Volume=66524
[2026-02-27 13:31:10.539] [INFO] Trade: USDJPY Price=149.957722 Volume=66807
[2026-02-27 13:31:10.541] [INFO] Trade: GBPUSD Price=1.269867 Volume=84506
[2026-02-27 13:31:10.649] [INFO] Trade: EURUSD Price=1.086613 Volume=30175
[2026-02-27 13:31:10.651] [INFO] Trade: USDJPY Price=149.960771 Volume=68051
[2026-02-27 13:31:10.653] [INFO] Trade: GBPUSD Price=1.269851 Volume=44852
[2026-02-27 13:31:10.760] [INFO] Trade: EURUSD Price=1.086542 Volume=52367
[2026-02-27 13:31:10.762] [INFO] Trade: USDJPY Price=149.964278 Volume=47900
[2026-02-27 13:31:10.764] [INFO] Trade: GBPUSD Price=1.269787 Volume=61399
[2026-02-27 13:31:10.870] [INFO] Trade: EURUSD Price=1.086529 Volume=43333
[2026-02-27 13:31:10.871] [INFO] Trade: USDJPY Price=149.971109 Volume=92392
[2026-02-27 13:31:10.871] [INFO] Trade: GBPUSD Price=1.269884 Volume=61392
[2026-02-27 13:31:10.986] [INFO] Trade: EURUSD Price=1.086465 Volume=11779
[2026-02-27 13:31:10.989] [INFO] Trade: USDJPY Price=149.967835 Volume=33879
[2026-02-27 13:31:10.990] [INFO] Trade: GBPUSD Price=1.269969 Volume=20013
[2026-02-27 13:31:11.097] [INFO] Trade: EURUSD Price=1.086427 Volume=43621
[2026-02-27 13:31:11.100] [INFO] Trade: USDJPY Price=149.959585 Volume=20743
[2026-02-27 13:31:11.101] [INFO] Trade: GBPUSD Price=1.270021 Volume=26255
[2026-02-27 13:31:11.207] [INFO] Trade: EURUSD Price=1.086336 Volume=36009
[2026-02-27 13:31:11.208] [INFO] Trade: USDJPY Price=149.956101 Volume=41269
[2026-02-27 13:31:11.209] [INFO] Trade: GBPUSD Price=1.270053 Volume=33702
[2026-02-27 13:31:11.320] [INFO] Trade: EURUSD Price=1.086333 Volume=66461
[2026-02-27 13:31:11.322] [INFO] Trade: USDJPY Price=149.946534 Volume=93818
[2026-02-27 13:31:11.324] [INFO] Trade: GBPUSD Price=1.269962 Volume=82051
[2026-02-27 13:31:11.432] [INFO] Trade: EURUSD Price=1.086383 Volume=80470
[2026-02-27 13:31:11.435] [INFO] Trade: USDJPY Price=149.945544 Volume=44497
[2026-02-27 13:31:11.437] [INFO] Trade: GBPUSD Price=1.269985 Volume=19278
[2026-02-27 13:31:11.545] [INFO] Trade: EURUSD Price=1.086392 Volume=57705
[2026-02-27 13:31:11.547] [INFO] Trade: USDJPY Price=149.941046 Volume=70114
[2026-02-27 13:31:11.549] [INFO] Trade: GBPUSD Price=1.269902 Volume=50647
[2026-02-27 13:31:11.658] [INFO] Trade: EURUSD Price=1.086337 Volume=23116
[2026-02-27 13:31:11.660] [INFO] Trade: USDJPY Price=149.939108 Volume=98750
[2026-02-27 13:31:11.661] [INFO] Trade: GBPUSD Price=1.269808 Volume=48110
[2026-02-27 13:31:11.769] [INFO] Trade: EURUSD Price=1.086366 Volume=17837
[2026-02-27 13:31:11.772] [INFO] Trade: USDJPY Price=149.945150 Volume=81969
[2026-02-27 13:31:11.774] [INFO] Trade: GBPUSD Price=1.269796 Volume=16025
[2026-02-27 13:31:11.882] [INFO] Trade: EURUSD Price=1.086453 Volume=83716
[2026-02-27 13:31:11.884] [INFO] Trade: USDJPY Price=149.940457 Volume=71546
[2026-02-27 13:31:11.886] [INFO] Trade: GBPUSD Price=1.269853 Volume=73674
[2026-02-27 13:31:11.994] [INFO] Trade: EURUSD Price=1.086514 Volume=89683
[2026-02-27 13:31:11.997] [INFO] Trade: USDJPY Price=149.948437 Volume=99285
[2026-02-27 13:31:11.998] [INFO] Trade: GBPUSD Price=1.269761 Volume=22408
[2026-02-27 13:31:12.106] [INFO] Trade: EURUSD Price=1.086457 Volume=15653
[2026-02-27 13:31:12.108] [INFO] Trade: USDJPY Price=149.946067 Volume=13763
[2026-02-27 13:31:12.110] [INFO] Trade: GBPUSD Price=1.269683 Volume=49524
[2026-02-27 13:31:12.216] [INFO] Trade: EURUSD Price=1.086359 Volume=94570
[2026-02-27 13:31:12.218] [INFO] Trade: USDJPY Price=149.943156 Volume=89832
[2026-02-27 13:31:12.219] [INFO] Trade: GBPUSD Price=1.269686 Volume=98592
[2026-02-27 13:31:12.328] [INFO] Trade: EURUSD Price=1.086448 Volume=45675
[2026-02-27 13:31:12.330] [INFO] Trade: USDJPY Price=149.941209 Volume=98948
[2026-02-27 13:31:12.331] [INFO] Trade: GBPUSD Price=1.269740 Volume=59617
[2026-02-27 13:31:12.442] [INFO] Trade: EURUSD Price=1.086405 Volume=69615
[2026-02-27 13:31:12.444] [INFO] Trade: USDJPY Price=149.936092 Volume=14451
[2026-02-27 13:31:12.446] [INFO] Trade: GBPUSD Price=1.269803 Volume=71216
[2026-02-27 13:31:12.553] [INFO] Trade: EURUSD Price=1.086411 Volume=37973
[2026-02-27 13:31:12.556] [INFO] Trade: USDJPY Price=149.930674 Volume=64238
[2026-02-27 13:31:12.558] [INFO] Trade: GBPUSD Price=1.269853 Volume=75207
[2026-02-27 13:31:12.666] [INFO] Trade: EURUSD Price=1.086483 Volume=59661
[2026-02-27 13:31:12.668] [INFO] Trade: USDJPY Price=149.932345 Volume=61949
[2026-02-27 13:31:12.670] [INFO] Trade: GBPUSD Price=1.269913 Volume=17433
[2026-02-27 13:31:12.779] [INFO] Trade: EURUSD Price=1.086527 Volume=67375
[2026-02-27 13:31:12.781] [INFO] Trade: USDJPY Price=149.942177 Volume=41908
[2026-02-27 13:31:12.783] [INFO] Trade: GBPUSD Price=1.270007 Volume=52650
